Added Component: Designator=Q1(TO-220-Heatsink)
Add component. Clean all parameters for all variants
Add component (AddParameter): Name = "Value"; Value = "IRF840"; VariantName = "[No Variations]"
Added Component: Designator=Q2(TO-220-Heatsink)
Add component. Clean all parameters for all variants
Add component (AddParameter): Name = "Value"; Value = "IRF840"; VariantName = "[No Variations]"
Added Component: Designator=Q3(TO-220-Heatsink)
Add component. Clean all parameters for all variants
Add component (AddParameter): Name = "Value"; Value = "IRF840"; VariantName = "[No Variations]"
Added Component: Designator=Q4(TO-220-Heatsink)
Add component. Clean all parameters for all variants
Add component (AddParameter): Name = "Value"; Value = "IRF840"; VariantName = "[No Variations]"
Added Pin To Net: NetName=NetQ1_1 Pin=Q1-1
Added Pin To Net: NetName=12V Pin=Q1-2
Added Pin To Net: NetName=BA1 Pin=Q1-3
Added Pin To Net: NetName=G2 Pin=Q2-1
Added Pin To Net: NetName=12V Pin=Q2-2
Added Pin To Net: NetName=BA2 Pin=Q2-3
Added Pin To Net: NetName=NetQ3_1 Pin=Q3-1
Added Pin To Net: NetName=BA1 Pin=Q3-2
Added Pin To Net: NetName=GND Pin=Q3-3
Added Pin To Net: NetName=G3 Pin=Q4-1
Added Pin To Net: NetName=BA2 Pin=Q4-2
Added Pin To Net: NetName=GND Pin=Q4-3
Added Member To Class: ClassName=Sheet1 Member=Component Q1 IRFZ44
Added Member To Class: ClassName=Sheet1 Member=Component Q2 IRFZ44
Added Member To Class: ClassName=Sheet1 Member=Component Q3 IRFZ44
Added Member To Class: ClassName=Sheet1 Member=Component Q4 IRFZ44
