Removed Pin From Net: NetName=12V Pin=R1-1
Removed Pin From Net: NetName=BA2 Pin=R8-2
Removed Pin From Net: NetName=12V Pin=R44-1
Change Component Comment : Designator=R1 Old Comment=470 New Comment=10k
Change Component Comment : Designator=R8 Old Comment=470 New Comment=10k
Change Component Comment : Designator=R12 Old Comment=470 New Comment=10k
Change Component Comment : Designator=R44 Old Comment=470 New Comment=10k
Change component parameters: Designator = "L2"; Footprint = "L-SMD-M-7.3x4.5"; UniqueID = "\JFYIYCMX"
Change component parameters. Clean all parameters for all variants
Change component parameters (AddParameter): Name = "ComponentLink1Description"; Value = "Manufacturer"; VariantName = "[No Variations]"
Change component parameters (AddParameter): Name = "ComponentLink1URL"; Value = "http://www.we-online.de"; VariantName = "[No Variations]"
Change component parameters (AddParameter): Name = "ComponentLink2Description"; Value = "Datasheet"; VariantName = "[No Variations]"
Change component parameters (AddParameter): Name = "ComponentLink2URL"; Value = "http://katalog.we-online.de/pbs/datasheet/78477010.pdf"; VariantName = "[No Variations]"
Change component parameters (AddParameter): Name = "Created by"; Value = "Baojun Chen"; VariantName = "[No Variations]"
Change component parameters (AddParameter): Name = "Created Date"; Value = "Nov.2015"; VariantName = "[No Variations]"
Change component parameters (AddParameter): Name = "Inductance"; Value = "1.0 µH"; VariantName = "[No Variations]"
Change component parameters (AddParameter): Name = "Manufacturer"; Value = "Wurth Elektronik"; VariantName = "[No Variations]"
Change component parameters (AddParameter): Name = "partNo"; Value = "78477010"; VariantName = "[No Variations]"
Added Pin To Net: NetName=BA2 Pin=R1-1
Added Pin To Net: NetName=GND Pin=R8-2
Added Pin To Net: NetName=BA1 Pin=R44-1
Change Net Name : Old Net Name=NetJ?_1 New Net Name=NetJ1_1
Change Net Name : Old Net Name=NetJ?_2 New Net Name=NetJ1_2
Change Net Name : Old Net Name=NetJ?_3 New Net Name=NetJ1_3
Change Net Name : Old Net Name=NetJ?_4 New Net Name=NetJ1_4
Change Net Name : Old Net Name=NetJ?_5 New Net Name=NetJ1_5
Change Net Name : Old Net Name=NetJ?_6 New Net Name=NetJ1_6
Added Room: Name=Sheet1
