Removed Pin From Net: NetName=G2 Pin=R1-1
Removed Pin From Net: NetName=12V Pin=R1-2
Removed Pin From Net: NetName=NetP1_3 Pin=R2-1
Removed Pin From Net: NetName=G2 Pin=R2-2
Removed Pin From Net: NetName=NetP3_3 Pin=R4-1
Removed Pin From Net: NetName=NetQ1_1 Pin=R4-2
Removed Pin From Net: NetName=NetQ1_1 Pin=R6-1
Removed Pin From Net: NetName=BA1 Pin=R6-2
Removed Pin From Net: NetName=G3 Pin=R7-1
Removed Pin From Net: NetName=BA2 Pin=R7-2
Removed Pin From Net: NetName=NetP4_3 Pin=R8-1
Removed Pin From Net: NetName=G3 Pin=R8-2
Removed Pin From Net: NetName=NetP5_3 Pin=R10-1
Removed Pin From Net: NetName=NetQ3_1 Pin=R10-2
Removed Pin From Net: NetName=NetQ3_1 Pin=R12-1
Removed Pin From Net: NetName=GND Pin=R12-2
Removed Member From Class: ClassName=Sheet1 Member=J1
Removed Member From Class: ClassName=Sheet1 Member=R4
Removed Member From Class: ClassName=Sheet1 Member=R6
Change Component Footprint: Designator=R1 Old Footprint=RES-1/2W New Footprint=RES-SMD-0805
Change Component Footprint: Designator=R2 Old Footprint=RES-1/2W New Footprint=RES-SMD-0805
Change Component Footprint: Designator=R7 Old Footprint=RES-1/2W New Footprint=RES-SMD-0805
Change Component Footprint: Designator=R8 Old Footprint=RES-1/2W New Footprint=RES-SMD-0805
Change Component Footprint: Designator=R10 Old Footprint=RES-1/2W New Footprint=RES-SMD-0805
Change Component Footprint: Designator=R12 Old Footprint=RES-1/2W New Footprint=RES-SMD-0805
Change Component Comment : Designator=R1 Old Comment=10k New Comment=470
Change Component Comment : Designator=R7 Old Comment=10k New Comment=470
Change Component Comment : Designator=R12 Old Comment=10k New Comment=470
Change Component Comment : Designator=R2 Old Comment=100R New Comment=470
Change Component Comment : Designator=R8 Old Comment=100R New Comment=470
Change Component Comment : Designator=R10 Old Comment=100R New Comment=470
Change Component Designator: OldDesignator=R3 NewDesignator=R33
Change component parameters: Designator = "R1"; Footprint = "RES-SMD-0805"; UniqueID = "\RDYLMWFO"
Change component parameters. Clean all parameters for all variants
Change component parameters (AddParameter): Name = "Class"; Value = "Passive"; VariantName = "[No Variations]"
Change component parameters (AddParameter): Name = "Manufacturer"; Value = "Generic Components"; VariantName = "[No Variations]"
Change component parameters (AddParameter): Name = "Published"; Value = "08/06/2000"; VariantName = "[No Variations]"
Change component parameters (AddParameter): Name = "Publisher"; Value = "Altium Hobart Technology Centre"; VariantName = "[No Variations]"
Change component parameters: Designator = "R2"; Footprint = "RES-SMD-0805"; UniqueID = "\HCEHRMSF"
Change component parameters. Clean all parameters for all variants
Change component parameters (AddParameter): Name = "Class"; Value = "Passive"; VariantName = "[No Variations]"
Change component parameters (AddParameter): Name = "Manufacturer"; Value = "Generic Components"; VariantName = "[No Variations]"
Change component parameters (AddParameter): Name = "Published"; Value = "08/06/2000"; VariantName = "[No Variations]"
Change component parameters (AddParameter): Name = "Publisher"; Value = "Altium Hobart Technology Centre"; VariantName = "[No Variations]"
Change component parameters: Designator = "R7"; Footprint = "RES-SMD-0805"; UniqueID = "\XGBSCFUI"
Change component parameters. Clean all parameters for all variants
Change component parameters (AddParameter): Name = "Class"; Value = "Passive"; VariantName = "[No Variations]"
Change component parameters (AddParameter): Name = "Manufacturer"; Value = "Generic Components"; VariantName = "[No Variations]"
Change component parameters (AddParameter): Name = "Published"; Value = "08/06/2000"; VariantName = "[No Variations]"
Change component parameters (AddParameter): Name = "Publisher"; Value = "Altium Hobart Technology Centre"; VariantName = "[No Variations]"
Change component parameters: Designator = "R8"; Footprint = "RES-SMD-0805"; UniqueID = "\DMDFKGWJ"
Change component parameters. Clean all parameters for all variants
Change component parameters (AddParameter): Name = "Class"; Value = "Passive"; VariantName = "[No Variations]"
Change component parameters (AddParameter): Name = "Manufacturer"; Value = "Generic Components"; VariantName = "[No Variations]"
Change component parameters (AddParameter): Name = "Published"; Value = "08/06/2000"; VariantName = "[No Variations]"
Change component parameters (AddParameter): Name = "Publisher"; Value = "Altium Hobart Technology Centre"; VariantName = "[No Variations]"
Change component parameters: Designator = "R10"; Footprint = "RES-SMD-0805"; UniqueID = "\VPTTJPHB"
Change component parameters. Clean all parameters for all variants
Change component parameters (AddParameter): Name = "Class"; Value = "Passive"; VariantName = "[No Variations]"
Change component parameters (AddParameter): Name = "Manufacturer"; Value = "Generic Components"; VariantName = "[No Variations]"
Change component parameters (AddParameter): Name = "Published"; Value = "08/06/2000"; VariantName = "[No Variations]"
Change component parameters (AddParameter): Name = "Publisher"; Value = "Altium Hobart Technology Centre"; VariantName = "[No Variations]"
Change component parameters: Designator = "R12"; Footprint = "RES-SMD-0805"; UniqueID = "\GNYFBYBQ"
Change component parameters. Clean all parameters for all variants
Change component parameters (AddParameter): Name = "Class"; Value = "Passive"; VariantName = "[No Variations]"
Change component parameters (AddParameter): Name = "Manufacturer"; Value = "Generic Components"; VariantName = "[No Variations]"
Change component parameters (AddParameter): Name = "Published"; Value = "08/06/2000"; VariantName = "[No Variations]"
Change component parameters (AddParameter): Name = "Publisher"; Value = "Altium Hobart Technology Centre"; VariantName = "[No Variations]"
Added Component: Designator=J?(KF6-5)
Add component. Clean all parameters for all variants
Add component (AddParameter): Name = "ComponentLink1 Description"; Value = "Manufacturer"; VariantName = "[No Variations]"
Add component (AddParameter): Name = "ComponentLink1 URL"; Value = "http://www.we-online.com"; VariantName = "[No Variations]"
Add component (AddParameter): Name = "ComponentLink2 Description"; Value = "Datasheet"; VariantName = "[No Variations]"
Add component (AddParameter): Name = "ComponentLink2 URL"; Value = "http://katalog.we-online.de/em/datasheet/6911337100xx.pdf"; VariantName = "[No Variations]"
Add component (AddParameter): Name = "Created By"; Value = "Baojun Chen"; VariantName = "[No Variations]"
Add component (AddParameter): Name = "Created Date"; Value = "4-Aug-15"; VariantName = "[No Variations]"
Add component (AddParameter): Name = "Manufacturer"; Value = "W¨¹rth Elektronik eiSos GmbH"; VariantName = "[No Variations]"
Add component (AddParameter): Name = "NoPins"; Value = "6"; VariantName = "[No Variations]"
Add component (AddParameter): Name = "PartNo"; Value = "691133710006"; VariantName = "[No Variations]"
Added Component: Designator=R22(RES-SMD-0805)
Add component. Clean all parameters for all variants
Add component (AddParameter): Name = "Class"; Value = "Passive"; VariantName = "[No Variations]"
Add component (AddParameter): Name = "Manufacturer"; Value = "Generic Components"; VariantName = "[No Variations]"
Add component (AddParameter): Name = "Published"; Value = "08/06/2000"; VariantName = "[No Variations]"
Add component (AddParameter): Name = "Publisher"; Value = "Altium Hobart Technology Centre"; VariantName = "[No Variations]"
Added Component: Designator=R44(RES-SMD-0805)
Add component. Clean all parameters for all variants
Add component (AddParameter): Name = "Class"; Value = "Passive"; VariantName = "[No Variations]"
Add component (AddParameter): Name = "Manufacturer"; Value = "Generic Components"; VariantName = "[No Variations]"
Add component (AddParameter): Name = "Published"; Value = "08/06/2000"; VariantName = "[No Variations]"
Add component (AddParameter): Name = "Publisher"; Value = "Altium Hobart Technology Centre"; VariantName = "[No Variations]"
Added Pin To Net: NetName=12V Pin=R1-1
Added Pin To Net: NetName=G2 Pin=R1-2
Added Pin To Net: NetName=G2 Pin=R2-1
Added Pin To Net: NetName=NetP1_3 Pin=R2-2
Added Pin To Net: NetName=NetP4_3 Pin=R7-1
Added Pin To Net: NetName=G3 Pin=R7-2
Added Pin To Net: NetName=G3 Pin=R8-1
Added Pin To Net: NetName=BA2 Pin=R8-2
Added Pin To Net: NetName=NetQ3_1 Pin=R10-1
Added Pin To Net: NetName=NetP5_3 Pin=R10-2
Added Pin To Net: NetName=GND Pin=R12-1
Added Pin To Net: NetName=NetQ3_1 Pin=R12-2
Added Pin To Net: NetName=NetP3_3 Pin=R22-1
Added Pin To Net: NetName=NetQ1_1 Pin=R22-2
Added Pin To Net: NetName=12V Pin=R44-1
Added Pin To Net: NetName=NetQ1_1 Pin=R44-2
Added Pin To Net: NetName=NetJ?_1 Pin=J?-1
Added Pin To Net: NetName=NetJ?_1 Pin=U5-31
Added Net: Name=NetJ?_1
Added Pin To Net: NetName=NetJ?_2 Pin=J?-2
Added Pin To Net: NetName=NetJ?_2 Pin=U5-30
Added Net: Name=NetJ?_2
Added Pin To Net: NetName=NetJ?_3 Pin=J?-3
Added Pin To Net: NetName=NetJ?_3 Pin=U5-29
Added Net: Name=NetJ?_3
Added Pin To Net: NetName=NetJ?_4 Pin=J?-4
Added Pin To Net: NetName=NetJ?_4 Pin=U5-28
Added Net: Name=NetJ?_4
Added Pin To Net: NetName=NetJ?_5 Pin=J?-5
Added Pin To Net: NetName=NetJ?_5 Pin=U5-27
Added Net: Name=NetJ?_5
Added Pin To Net: NetName=NetJ?_6 Pin=J?-6
Added Pin To Net: NetName=NetJ?_6 Pin=U5-26
Added Net: Name=NetJ?_6
Added Member To Class: ClassName=Sheet1 Member=Component J? KF6
Added Member To Class: ClassName=Sheet1 Member=Component R22 470
Added Member To Class: ClassName=Sheet1 Member=Component R44 470
Added Room: Name=Sheet1
