Removed Member From Class: ClassName=Sheet1 Member=P1
Added Component: Designator=U7(TO-263)
Add component. Clean all parameters for all variants
Add component (AddParameter): Name = "Category"; Value = "IC-Power"; VariantName = "[No Variations]"
Add component (AddParameter): Name = "Max Input Voltage"; Value = "12 V"; VariantName = "[No Variations]"
Add component (AddParameter): Name = "Max Output Current"; Value = "3 (6.0 peak) A"; VariantName = "[No Variations]"
Add component (AddParameter): Name = "Max Output Voltage"; Value = "mV"; VariantName = "[No Variations]"
Add component (AddParameter): Name = "Min Input Voltage"; Value = "mV"; VariantName = "[No Variations]"
Add component (AddParameter): Name = "Min Output Voltage"; Value = "mV"; VariantName = "[No Variations]"
Add component (AddParameter): Name = "Mounting Technology"; Value = "Surface Mount"; VariantName = "[No Variations]"
Add component (AddParameter): Name = "PowerICTypes"; Value = ""; VariantName = "[No Variations]"
Add component (AddParameter): Name = "Status"; Value = "Unreleased"; VariantName = "[No Variations]"
Add component (AddParameter): Name = "Supply Voltage"; Value = "mV"; VariantName = "[No Variations]"
Add component (AddParameter): Name = "Temperature Range"; Value = "-40 to +125 degC"; VariantName = "[No Variations]"
Added Pin To Net: NetName=12V Pin=U7-1
Added Pin To Net: NetName=NetD1_2 Pin=U7-2
Added Pin To Net: NetName=GND Pin=U7-3
Added Pin To Net: NetName=5V Pin=U7-4
Added Pin To Net: NetName=GND Pin=U7-5
Added Pin To Net: NetName=NetJ1_1 Pin=J1-1
Added Pin To Net: NetName=NetJ1_1 Pin=U5-31
Added Net: Name=NetJ1_1
Added Pin To Net: NetName=NetJ1_2 Pin=J1-2
Added Pin To Net: NetName=NetJ1_2 Pin=U5-30
Added Net: Name=NetJ1_2
Added Pin To Net: NetName=NetJ1_3 Pin=J1-3
Added Pin To Net: NetName=NetJ1_3 Pin=U5-29
Added Net: Name=NetJ1_3
Added Pin To Net: NetName=NetJ1_4 Pin=J1-4
Added Pin To Net: NetName=NetJ1_4 Pin=U5-28
Added Net: Name=NetJ1_4
Added Pin To Net: NetName=NetJ1_5 Pin=J1-5
Added Pin To Net: NetName=NetJ1_5 Pin=U5-27
Added Net: Name=NetJ1_5
Added Pin To Net: NetName=NetJ1_6 Pin=J1-6
Added Pin To Net: NetName=NetJ1_6 Pin=U5-26
Added Net: Name=NetJ1_6
Added Member To Class: ClassName=Sheet1 Member=Component U7 LM2976
